TN:
SF:src/DecentralizedVoting.sol
FN:34,DecentralizedVoting.registerVoter
FNDA:2,DecentralizedVoting.registerVoter
DA:35,2
DA:37,2
BRDA:37,0,0,-
BRDA:37,0,1,2
DA:38,0
DA:41,2
DA:42,2
FN:45,DecentralizedVoting.addCandidate
FNDA:3,DecentralizedVoting.addCandidate
DA:46,3
DA:47,3
FN:50,DecentralizedVoting.vote
FNDA:2,DecentralizedVoting.vote
DA:51,2
DA:53,2
BRDA:53,1,0,-
BRDA:53,1,1,2
DA:54,0
DA:57,2
BRDA:57,2,0,-
BRDA:57,2,1,2
DA:58,0
DA:61,2
DA:62,2
DA:64,2
DA:66,2
FN:69,DecentralizedVoting.getCandidateVoteCount
FNDA:1,DecentralizedVoting.getCandidateVoteCount
DA:72,1
BRDA:72,3,0,-
BRDA:72,3,1,1
DA:73,0
DA:75,1
FNF:4
FNH:4
LF:19
LH:15
BRF:8
BRH:4
end_of_record
