TN:
SF:src/TokenSale.sol
FN:53,TokenSale.contribute
FNDA:150,TokenSale.contribute
DA:54,150
BRDA:54,0,0,-
BRDA:54,0,1,150
DA:55,0
DA:56,150
BRDA:56,1,0,-
BRDA:56,1,1,150
DA:57,0
DA:58,150
BRDA:58,2,0,-
BRDA:58,2,1,150
DA:59,0
DA:60,150
BRDA:60,3,0,-
BRDA:60,3,1,150
DA:62,150
DA:63,150
DA:65,150
DA:66,150
DA:68,150
FN:71,TokenSale.distributeTokens
FNDA:0,TokenSale.distributeTokens
DA:72,0
BRDA:72,4,0,-
BRDA:72,4,1,-
DA:73,0
BRDA:73,5,0,-
BRDA:73,5,1,-
DA:74,0
FN:77,TokenSale.endPresale
FNDA:1,TokenSale.endPresale
DA:78,1
BRDA:78,6,0,-
BRDA:78,6,1,1
DA:79,1
DA:80,1
FN:83,TokenSale.startPublicSale
FNDA:1,TokenSale.startPublicSale
DA:84,1
BRDA:84,7,0,-
BRDA:84,7,1,1
DA:85,1
DA:86,1
FN:89,TokenSale.enableRefund
FNDA:1,TokenSale.enableRefund
DA:90,1
BRDA:90,8,0,1
BRDA:90,8,1,1
DA:91,1
DA:92,1
FN:96,TokenSale.claimRefund
FNDA:1,TokenSale.claimRefund
DA:97,1
BRDA:97,9,0,-
BRDA:97,9,1,1
DA:98,1
DA:99,1
BRDA:99,10,0,-
BRDA:99,10,1,1
DA:100,1
DA:101,1
DA:102,1
FN:106,TokenSale.calculateTokenAmount
FNDA:1,TokenSale.calculateTokenAmount
DA:109,151
DA:110,151
FNF:7
FNH:6
LF:32
LH:26
BRF:22
BRH:10
end_of_record
